0 info it worked if it ends with ok
1 verbose cli [ 'C:\\Program Files\\nodejs\\\\node.exe',
1 verbose cli   'C:\\Program Files\\nodejs\\node_modules\\npm\\bin\\npm-cli.js',
1 verbose cli   'install',
1 verbose cli   'backbone.localstorage' ]
2 info using npm@1.4.28
3 info using node@v0.10.35
4 verbose node symlink C:\Program Files\nodejs\\node.exe
5 warn package.json karma-chrome-launcher@0.1.7 No README data
6 warn package.json karma-firefox-launcher@0.1.4 No README data
7 warn package.json karma-mocha@0.1.10 No README data
8 warn package.json karma-phantomjs-launcher@0.1.4 No README data
9 verbose readDependencies using package.json deps
10 verbose cache add [ 'backbone.localstorage', null ]
11 verbose cache add name=undefined spec="backbone.localstorage" args=["backbone.localstorage",null]
12 verbose parsed url { protocol: null,
12 verbose parsed url   slashes: null,
12 verbose parsed url   auth: null,
12 verbose parsed url   host: null,
12 verbose parsed url   port: null,
12 verbose parsed url   hostname: null,
12 verbose parsed url   hash: null,
12 verbose parsed url   search: null,
12 verbose parsed url   query: null,
12 verbose parsed url   pathname: 'backbone.localstorage',
12 verbose parsed url   path: 'backbone.localstorage',
12 verbose parsed url   href: 'backbone.localstorage' }
13 silly lockFile 56f27198-backbone-localstorage backbone.localstorage
14 verbose lock backbone.localstorage C:\Users\Jim\AppData\Roaming\npm-cache\56f27198-backbone-localstorage.lock
15 silly lockFile 56f27198-backbone-localstorage backbone.localstorage
16 silly lockFile 56f27198-backbone-localstorage backbone.localstorage
17 verbose addNamed [ 'backbone.localstorage', '' ]
18 verbose addNamed [ null, '*' ]
19 silly lockFile 4eb42dfe-backbone-localstorage backbone.localstorage@
20 verbose lock backbone.localstorage@ C:\Users\Jim\AppData\Roaming\npm-cache\4eb42dfe-backbone-localstorage.lock
21 silly addNameRange { name: 'backbone.localstorage', range: '*', hasData: false }
22 verbose request where is /backbone.localstorage
23 verbose request registry https://registry.npmjs.org/
24 verbose request id 6f02f0df982bc871
25 verbose url raw /backbone.localstorage
26 verbose url resolving [ 'https://registry.npmjs.org/', './backbone.localstorage' ]
27 verbose url resolved https://registry.npmjs.org/backbone.localstorage
28 verbose request where is https://registry.npmjs.org/backbone.localstorage
29 info trying registry request attempt 1 at 16:21:01
30 verbose etag "6LNR1YNPT74LLAYCGCQRN4WGN"
31 http GET https://registry.npmjs.org/backbone.localstorage
32 http 304 https://registry.npmjs.org/backbone.localstorage
33 silly registry.get cb [ 304,
33 silly registry.get   { date: 'Mon, 16 Feb 2015 14:21:02 GMT',
33 silly registry.get     server: 'Apache',
33 silly registry.get     via: '1.1 varnish',
33 silly registry.get     'last-modified': 'Mon, 16 Feb 2015 14:21:03 GMT',
33 silly registry.get     'cache-control': 'max-age=60',
33 silly registry.get     etag: '"6LNR1YNPT74LLAYCGCQRN4WGN"',
33 silly registry.get     age: '0',
33 silly registry.get     'x-served-by': 'cache-fra1220-FRA',
33 silly registry.get     'x-cache': 'MISS',
33 silly registry.get     'x-cache-hits': '0',
33 silly registry.get     'x-timer': 'S1424096462.249380,VS0,VE875',
33 silly registry.get     vary: 'Accept',
33 silly registry.get     'content-length': '0',
33 silly registry.get     'keep-alive': 'timeout=10, max=50',
33 silly registry.get     connection: 'Keep-Alive' } ]
34 verbose etag https://registry.npmjs.org/backbone.localstorage from cache
35 silly addNameRange number 2 { name: 'backbone.localstorage', range: '*', hasData: true }
36 silly addNameRange versions [ 'backbone.localstorage',
36 silly addNameRange   [ '1.1.3',
36 silly addNameRange     '1.1.4',
36 silly addNameRange     '1.1.5',
36 silly addNameRange     '1.1.6',
36 silly addNameRange     '1.1.7',
36 silly addNameRange     '1.1.9',
36 silly addNameRange     '1.1.10',
36 silly addNameRange     '1.1.11',
36 silly addNameRange     '1.1.12',
36 silly addNameRange     '1.1.13',
36 silly addNameRange     '1.1.14',
36 silly addNameRange     '1.1.15',
36 silly addNameRange     '1.1.16' ] ]
37 verbose addNamed [ 'backbone.localstorage', '1.1.16' ]
38 verbose addNamed [ '1.1.16', '1.1.16' ]
39 silly lockFile 7aee3268-backbone-localstorage-1-1-16 backbone.localstorage@1.1.16
40 verbose lock backbone.localstorage@1.1.16 C:\Users\Jim\AppData\Roaming\npm-cache\7aee3268-backbone-localstorage-1-1-16.lock
41 silly lockFile 7aee3268-backbone-localstorage-1-1-16 backbone.localstorage@1.1.16
42 silly lockFile 7aee3268-backbone-localstorage-1-1-16 backbone.localstorage@1.1.16
43 silly lockFile 4eb42dfe-backbone-localstorage backbone.localstorage@
44 silly lockFile 4eb42dfe-backbone-localstorage backbone.localstorage@
45 silly resolved [ { author:
45 silly resolved      { name: 'Jerome Gravel-Niquet',
45 silly resolved        email: 'jeromegn@gmail.com',
45 silly resolved        url: 'http://jgn.me' },
45 silly resolved     name: 'backbone.localstorage',
45 silly resolved     version: '1.1.16',
45 silly resolved     repository:
45 silly resolved      { type: 'git',
45 silly resolved        url: 'git://github.com/jeromegn/Backbone.localStorage.git' },
45 silly resolved     devDependencies:
45 silly resolved      { 'uglify-js': '~1.2.6',
45 silly resolved        'mocha-phantomjs': '^3.5.1',
45 silly resolved        browserify: '~2.x.x',
45 silly resolved        jquery: '~2.1.0',
45 silly resolved        backbone: '~1.x.x',
45 silly resolved        underscore: '>=1.4.0' },
45 silly resolved     peerDependencies: { backbone: '~1.x.x' },
45 silly resolved     keywords: [ 'backbone', 'localstorage', 'local', 'storage', 'cache', 'sync' ],
45 silly resolved     main: './backbone.localStorage.js',
45 silly resolved     engines: { node: '*' },
45 silly resolved     gitHead: '728194adef60befefed1416825498d1b53cd517a',
45 silly resolved     description: '[![Build Status](https://secure.travis-ci.org/jeromegn/Backbone.localStorage.png?branch=master)](http://travis-ci.org/jeromegn/Backbone.localStorage)',
45 silly resolved     bugs: { url: 'https://github.com/jeromegn/Backbone.localStorage/issues' },
45 silly resolved     homepage: 'https://github.com/jeromegn/Backbone.localStorage',
45 silly resolved     _id: 'backbone.localstorage@1.1.16',
45 silly resolved     scripts: {},
45 silly resolved     _shasum: '3df5101d93abcee04f326035540f425dd0487916',
45 silly resolved     _from: 'backbone.localstorage@',
45 silly resolved     _npmVersion: '2.1.17',
45 silly resolved     _nodeVersion: '0.10.35',
45 silly resolved     _npmUser: { name: 'jeromegn', email: 'jeromegn@gmail.com' },
45 silly resolved     maintainers: [ [Object] ],
45 silly resolved     dist:
45 silly resolved      { shasum: '3df5101d93abcee04f326035540f425dd0487916',
45 silly resolved        tarball: 'http://registry.npmjs.org/backbone.localstorage/-/backbone.localstorage-1.1.16.tgz' },
45 silly resolved     directories: {},
45 silly resolved     _resolved: 'https://registry.npmjs.org/backbone.localstorage/-/backbone.localstorage-1.1.16.tgz',
45 silly resolved     readme: 'ERROR: No README data found!' } ]
46 info install backbone.localstorage@1.1.16 into C:\Users\Jim\Desktop\youtubeapi
47 info installOne backbone.localstorage@1.1.16
48 verbose node_modules\backbone.localstorage unbuild
49 info preuninstall backbone.localstorage@1.1.16
50 info uninstall backbone.localstorage@1.1.16
51 verbose true,C:\Users\Jim\Desktop\youtubeapi\node_modules,C:\Users\Jim\Desktop\youtubeapi\node_modules unbuild backbone.localstorage@1.1.16
52 info postuninstall backbone.localstorage@1.1.16
53 verbose tar unpack C:\Users\Jim\AppData\Roaming\npm-cache\backbone.localstorage\1.1.16\package.tgz
54 silly lockFile 136f6d21-de-modules-backbone-localstorage tar://C:\Users\Jim\Desktop\youtubeapi\node_modules\backbone.localstorage
55 verbose lock tar://C:\Users\Jim\Desktop\youtubeapi\node_modules\backbone.localstorage C:\Users\Jim\AppData\Roaming\npm-cache\136f6d21-de-modules-backbone-localstorage.lock
56 silly lockFile 4820dde0--localstorage-1-1-16-package-tgz tar://C:\Users\Jim\AppData\Roaming\npm-cache\backbone.localstorage\1.1.16\package.tgz
57 verbose lock tar://C:\Users\Jim\AppData\Roaming\npm-cache\backbone.localstorage\1.1.16\package.tgz C:\Users\Jim\AppData\Roaming\npm-cache\4820dde0--localstorage-1-1-16-package-tgz.lock
58 silly gunzTarPerm modes [ '777', '666' ]
59 silly gunzTarPerm extractEntry package.json
60 silly gunzTarPerm modified mode [ 'package.json', 420, 438 ]
61 silly gunzTarPerm extractEntry .npmignore
62 silly gunzTarPerm modified mode [ '.npmignore', 420, 438 ]
63 silly gunzTarPerm extractEntry README.md
64 silly gunzTarPerm modified mode [ 'README.md', 420, 438 ]
65 silly gunzTarPerm extractEntry backbone.localStorage-min.js
66 silly gunzTarPerm extractEntry backbone.localStorage.js
67 silly gunzTarPerm modified mode [ 'backbone.localStorage.js', 420, 438 ]
68 silly gunzTarPerm extractEntry .documentup.json
69 silly gunzTarPerm extractEntry .travis.yml
70 silly gunzTarPerm extractEntry CHANGELOG.md
71 silly lockFile 136f6d21-de-modules-backbone-localstorage tar://C:\Users\Jim\Desktop\youtubeapi\node_modules\backbone.localstorage
72 silly lockFile 136f6d21-de-modules-backbone-localstorage tar://C:\Users\Jim\Desktop\youtubeapi\node_modules\backbone.localstorage
73 silly lockFile 4820dde0--localstorage-1-1-16-package-tgz tar://C:\Users\Jim\AppData\Roaming\npm-cache\backbone.localstorage\1.1.16\package.tgz
74 silly lockFile 4820dde0--localstorage-1-1-16-package-tgz tar://C:\Users\Jim\AppData\Roaming\npm-cache\backbone.localstorage\1.1.16\package.tgz
75 info preinstall backbone.localstorage@1.1.16
76 verbose readDependencies using package.json deps
77 verbose readDependencies using package.json deps
78 silly resolved []
79 verbose about to build C:\Users\Jim\Desktop\youtubeapi\node_modules\backbone.localstorage
80 info build C:\Users\Jim\Desktop\youtubeapi\node_modules\backbone.localstorage
81 verbose linkStuff [ false,
81 verbose linkStuff   false,
81 verbose linkStuff   false,
81 verbose linkStuff   'C:\\Users\\Jim\\Desktop\\youtubeapi\\node_modules' ]
82 info linkStuff backbone.localstorage@1.1.16
83 verbose linkBins backbone.localstorage@1.1.16
84 verbose linkMans backbone.localstorage@1.1.16
85 verbose rebuildBundles backbone.localstorage@1.1.16
86 info install backbone.localstorage@1.1.16
87 info postinstall backbone.localstorage@1.1.16
88 error peerinvalid The package karma does not satisfy its siblings' peerDependencies requirements!
88 error peerinvalid Peer karma-chrome-launcher@0.1.7 wants karma@>=0.9.3
88 error peerinvalid Peer karma-firefox-launcher@0.1.4 wants karma@>=0.9
88 error peerinvalid Peer karma-html2js-preprocessor@0.1.0 wants karma@>=0.9
88 error peerinvalid Peer karma-mocha@0.1.10 wants karma@>=0.12.8
88 error peerinvalid Peer karma-requirejs@0.2.2 wants karma@>=0.9
88 error peerinvalid Peer karma-jasmine@0.1.5 wants karma@>=0.9
88 error peerinvalid Peer karma-script-launcher@0.1.0 wants karma@>=0.9
88 error peerinvalid Peer karma-coffee-preprocessor@0.1.3 wants karma@>=0.9
88 error peerinvalid Peer karma-phantomjs-launcher@0.1.4 wants karma@>=0.9
89 error System Windows_NT 6.2.9200
90 error command "C:\\Program Files\\nodejs\\\\node.exe" "C:\\Program Files\\nodejs\\node_modules\\npm\\bin\\npm-cli.js" "install" "backbone.localstorage"
91 error cwd C:\Users\Jim\Desktop\youtubeapi
92 error node -v v0.10.35
93 error npm -v 1.4.28
94 error code EPEERINVALID
95 verbose exit [ 1, true ]
